<?xml version="1.0" encoding="utf-8"?><testsuites name="pytest tests"><testsuite name="pytest" errors="0" failures="0" skipped="0" tests="34" time="16.707" timestamp="2026-09-05T12:07:37.120350+00:00" hostname="agent-env-39d0d243-1be9-4029-bab3-bc0363310c50"><testcase classname="tests.test_auth_multitenant.TestAuth" name="test_register_returns_token" time="0.554" /><testcase classname="tests.test_auth_multitenant.TestAuth" name="test_register_duplicate_409" time="0.496" /><testcase classname="tests.test_auth_multitenant.TestAuth" name="test_register_short_password_400" time="0.102" /><testcase classname="tests.test_auth_multitenant.TestAuth" name="test_login_success_and_wrong_password_401" time="1.033" /><testcase classname="tests.test_auth_multitenant.TestAuth" name="test_login_nonexistent_email_401" time="0.096" /><testcase classname="tests.test_auth_multitenant.TestAuth" name="test_me_bearer_valid" time="0.485" /><testcase classname="tests.test_auth_multitenant.TestAuth" name="test_me_missing_token_401" time="0.471" /><testcase classname="tests.test_auth_multitenant.TestAuth" name="test_me_garbage_token_401" time="0.100" /><testcase classname="tests.test_auth_multitenant.TestAuth" name="test_me_wrong_scheme_401" time="0.457" /><testcase classname="tests.test_auth_multitenant.TestProtectedRoutes" name="test_requires_bearer[GET-/settings]" time="0.116" /><testcase classname="tests.test_auth_multitenant.TestProtectedRoutes" name="test_requires_bearer[PUT-/settings]" time="0.112" /><testcase classname="tests.test_auth_multitenant.TestProtectedRoutes" name="test_requires_bearer[POST-/upload]" time="0.114" /><testcase classname="tests.test_auth_multitenant.TestProtectedRoutes" name="test_requires_bearer[POST-/schedule/manual]" time="0.129" /><testcase classname="tests.test_auth_multitenant.TestProtectedRoutes" name="test_requires_bearer[GET-/schedules]" time="0.129" /><testcase classname="tests.test_auth_multitenant.TestProtectedRoutes" name="test_requires_bearer[DELETE-/schedule/some-fake-id]" time="0.131" /><testcase classname="tests.test_auth_multitenant.TestProtectedRoutes" name="test_requires_bearer[PUT-/schedule/delay]" time="0.133" /><testcase classname="tests.test_auth_multitenant.TestProtectedRoutes" name="test_requires_bearer[PUT-/schedule/assign]" time="0.103" /><testcase classname="tests.test_auth_multitenant.TestProtectedRoutes" name="test_requires_bearer[GET-/recipients]" time="0.118" /><testcase classname="tests.test_auth_multitenant.TestProtectedRoutes" name="test_requires_bearer[POST-/recipients]" time="0.130" /><testcase classname="tests.test_auth_multitenant.TestProtectedRoutes" name="test_requires_bearer[DELETE-/recipients/some-fake-id]" time="0.186" /><testcase classname="tests.test_auth_multitenant.TestProtectedRoutes" name="test_requires_bearer[GET-/alarms]" time="0.092" /><testcase classname="tests.test_auth_multitenant.TestProtectedRoutes" name="test_requires_bearer[GET-/alarms/log]" time="0.098" /><testcase classname="tests.test_auth_multitenant.TestProtectedRoutes" name="test_requires_bearer[GET-/season-pass/status]" time="0.104" /><testcase classname="tests.test_auth_multitenant.TestProtectedRoutes" name="test_requires_bearer[POST-/payments/checkout]" time="0.116" /><testcase classname="tests.test_auth_multitenant.TestTenantIsolation" name="test_a_creates_data_b_cannot_see" time="2.814" /><testcase classname="tests.test_auth_multitenant.TestManagerDeviceFlow" name="test_device_flow_and_gating" time="2.719" /><testcase classname="tests.test_auth_multitenant.TestManagerDeviceFlow" name="test_pairing_claim_wrong_code_400" time="0.125" /><testcase classname="tests.test_auth_multitenant.TestBilling" name="test_billing_plan" time="0.120" /><testcase classname="tests.test_auth_multitenant.TestBilling" name="test_checkout_uses_token_email_not_body" time="1.460" /><testcase classname="tests.test_auth_multitenant.TestBilling" name="test_season_pass_status_per_tenant" time="0.893" /><testcase classname="tests.test_auth_multitenant.TestBilling" name="test_seeded_double_bb_login" time="0.476" /><testcase classname="tests.test_auth_multitenant.TestRegressionAuth" name="test_upload_with_token" time="0.546" /><testcase classname="tests.test_auth_multitenant.TestRegressionAuth" name="test_delay_non_compounding" time="1.161" /><testcase classname="tests.test_auth_multitenant.TestRegressionAuth" name="test_push_endpoints_unauth_still_work" time="0.681" /></testsuite></testsuites>