<?xml version="1.0" encoding="utf-8"?><testsuites name="pytest tests"><testsuite name="pytest" errors="0" failures="0" skipped="0" tests="11" time="2.353" timestamp="2026-09-05T08:18:23.241335+00:00" hostname="agent-env-39d0d243-1be9-4029-bab3-bc0363310c50"><testcase classname="tests.test_billing.TestBillingPlan" name="test_plan_catalog" time="0.155" /><testcase classname="tests.test_billing.TestCheckoutCreate" name="test_checkout_returns_stripe_url_and_writes_unpaid_tx" time="0.626" /><testcase classname="tests.test_billing.TestCheckoutCreate" name="test_tamper_resistance_client_amount_ignored" time="0.395" /><testcase classname="tests.test_billing.TestCheckoutCreate" name="test_checkout_bad_email_400" time="0.043" /><testcase classname="tests.test_billing.TestCheckoutCreate" name="test_checkout_unknown_product_400" time="0.042" /><testcase classname="tests.test_billing.TestCheckoutStatus" name="test_unknown_session_404" time="0.045" /><testcase classname="tests.test_billing.TestCheckoutStatus" name="test_unpaid_session_stays_unpaid_and_no_pass_granted" time="0.694" /><testcase classname="tests.test_billing.TestSeasonPassStatus" name="test_demo_email_active" time="0.042" /><testcase classname="tests.test_billing.TestSeasonPassStatus" name="test_unknown_email_inactive" time="0.047" /><testcase classname="tests.test_billing.TestSeasonPassStatus" name="test_no_email_inactive" time="0.080" /><testcase classname="tests.test_billing.TestSeasonPassStatus" name="test_email_case_normalisation" time="0.045" /></testsuite></testsuites>