<?xml version="1.0" encoding="utf-8"?><testsuites name="pytest tests"><testsuite name="pytest" errors="0" failures="0" skipped="0" tests="11" time="12.491" timestamp="2026-09-05T07:54:51.928576+00:00" hostname="agent-env-39d0d243-1be9-4029-bab3-bc0363310c50"><testcase classname="tests.test_push.TestVapidPublic" name="test_vapid_public_returns_key" time="0.249" /><testcase classname="tests.test_push.TestPushSubscribeLifecycle" name="test_status_empty_without_id" time="0.048" /><testcase classname="tests.test_push.TestPushSubscribeLifecycle" name="test_status_false_before_subscribe" time="0.044" /><testcase classname="tests.test_push.TestPushSubscribeLifecycle" name="test_subscribe_then_status_then_unsubscribe" time="0.290" /><testcase classname="tests.test_push.TestPushSubscribeLifecycle" name="test_subscribe_missing_endpoint_400" time="0.042" /><testcase classname="tests.test_push.TestPushTest" name="test_push_test_400_when_no_subscription" time="0.041" /><testcase classname="tests.test_push.TestPushTest" name="test_push_test_graceful_when_endpoint_unreachable" time="0.211" /><testcase classname="tests.test_push.TestSchedulerGating" name="test_gating_by_assignment" time="1.718" /><testcase classname="tests.test_push.TestSchedulerStability" name="test_backend_still_up_after_scheduler_ticks" time="9.207" /><testcase classname="tests.test_push.TestRegression" name="test_manual_schedule_delay_assign_ack_log" time="0.432" /><testcase classname="tests.test_push.TestRegression" name="test_upload_csv_regression" time="0.131" /></testsuite></testsuites>