<?xml version="1.0" encoding="utf-8"?><testsuites name="pytest tests"><testsuite name="pytest" errors="0" failures="0" skipped="0" tests="11" time="2.269" timestamp="2026-09-04T10:53:58.516656+00:00" hostname="agent-env-39d0d243-1be9-4029-bab3-bc0363310c50"><testcase classname="tests.backend_test.TestManualSchedule" name="test_anchor_timings" time="0.446" /><testcase classname="tests.backend_test.TestSettings" name="test_defaults" time="0.370" /><testcase classname="tests.backend_test.TestSettings" name="test_update_recomputes_schedule" time="0.329" /><testcase classname="tests.backend_test.TestManualSchedule" name="test_empty_body_400" time="0.063" /><testcase classname="tests.backend_test.TestPairing" name="test_pairing_get_and_claim" time="0.267" /><testcase classname="tests.backend_test.TestUpload" name="test_upload_csv_valid" time="0.238" /><testcase classname="tests.backend_test.TestPairing" name="test_regenerate_unpairs" time="0.216" /><testcase classname="tests.backend_test.TestUpload" name="test_upload_bad_no_time_column" time="0.189" /><testcase classname="tests.backend_test.TestAlarms" name="test_active_ack_escalate_log" time="0.887" /><testcase classname="tests.backend_test.TestScheduleLatest" name="test_latest_and_sorted_alarms" time="0.136" /><testcase classname="tests.backend_test.TestAlarms" name="test_ack_not_found" time="0.063" /></testsuite></testsuites>